2017-11-23 15:24:33,760 - ClasspathResourceLoader : initialization starting.
2017-11-23 15:24:33,760 - ClasspathResourceLoader : initialization complete.
2017-11-23 15:24:33,765 - ResourceCache : initialized. (class org.apache.velocity.runtime.resource.ResourceCacheImpl)
2017-11-23 15:24:33,765 - Default ResourceManager initialization complete.
2017-11-23 15:24:33,768 - Loaded System Directive: org.apache.velocity.runtime.directive.Literal
2017-11-23 15:24:33,769 - Loaded System Directive: org.apache.velocity.runtime.directive.Macro
2017-11-23 15:24:33,771 - Loaded System Directive: org.apache.velocity.runtime.directive.Parse
2017-11-23 15:24:33,773 - Loaded System Directive: org.apache.velocity.runtime.directive.Include
2017-11-23 15:24:33,774 - Loaded System Directive: org.apache.velocity.runtime.directive.Foreach
2017-11-23 15:24:33,796 - Created: 20 parsers.
2017-11-23 15:24:33,802 - Velocimacro : initialization starting.
2017-11-23 15:24:33,802 - Velocimacro : adding VMs from VM library template : VM_global_library.vm
2017-11-23 15:24:33,811 - ResourceManager : unable to find resource 'VM_global_library.vm' in any resource loader.
2017-11-23 15:24:33,811 - Velocimacro : error using  VM library template VM_global_library.vm : org.apache.velocity.exception.ResourceNotFoundException: Unable to find resource 'VM_global_library.vm'
2017-11-23 15:24:33,811 - Velocimacro :  VM library template macro registration complete.
2017-11-23 15:24:33,811 - Velocimacro : allowInline = true : VMs can be defined inline in templates
2017-11-23 15:24:33,812 - Velocimacro : allowInlineToOverride = false : VMs defined inline may NOT replace previous VM definitions
2017-11-23 15:24:33,812 - Velocimacro : allowInlineLocal = false : VMs defined inline will be  global in scope if allowed.
2017-11-23 15:24:33,812 - Velocimacro : messages on  : VM system will output logging messages
2017-11-23 15:24:33,812 - Velocimacro : autoload off  : VM system will not automatically reload global library macros
2017-11-23 15:24:33,812 - Velocimacro : initialization complete.
2017-11-23 15:24:33,812 - Velocity successfully started.
2017-11-23 15:31:08,022 - SimpleLog4JLogSystem initialized using logfile 'velocity.log'
2017-11-23 15:31:08,023 - ************************************************************** 
2017-11-23 15:31:08,023 - Starting Jakarta Velocity v1.4
2017-11-23 15:31:08,023 - RuntimeInstance initializing.
2017-11-23 15:31:08,023 - Default Properties File: org\apache\velocity\runtime\defaults\velocity.properties
2017-11-23 15:31:08,023 - Trying to use logger class org.apache.velocity.runtime.log.SimpleLog4JLogSystem
2017-11-23 15:31:08,023 - Using logger class org.apache.velocity.runtime.log.SimpleLog4JLogSystem
2017-11-23 15:31:08,025 - Default ResourceManager initializing. (class org.apache.velocity.runtime.resource.ResourceManagerImpl)
2017-11-23 15:31:08,028 - Resource Loader Instantiated: org.apache.velocity.runtime.resource.loader.ClasspathResourceLoader
2017-11-23 15:31:08,028 - ClasspathResourceLoader : initialization starting.
2017-11-23 15:31:08,028 - ClasspathResourceLoader : initialization complete.
2017-11-23 15:31:08,029 - ResourceCache : initialized. (class org.apache.velocity.runtime.resource.ResourceCacheImpl)
2017-11-23 15:31:08,029 - Default ResourceManager initialization complete.
2017-11-23 15:31:08,032 - Loaded System Directive: org.apache.velocity.runtime.directive.Literal
2017-11-23 15:31:08,034 - Loaded System Directive: org.apache.velocity.runtime.directive.Macro
2017-11-23 15:31:08,036 - Loaded System Directive: org.apache.velocity.runtime.directive.Parse
2017-11-23 15:31:08,038 - Loaded System Directive: org.apache.velocity.runtime.directive.Include
2017-11-23 15:31:08,039 - Loaded System Directive: org.apache.velocity.runtime.directive.Foreach
2017-11-23 15:31:08,061 - Created: 20 parsers.
2017-11-23 15:31:08,068 - Velocimacro : initialization starting.
2017-11-23 15:31:08,068 - Velocimacro : adding VMs from VM library template : VM_global_library.vm
2017-11-23 15:31:08,077 - ResourceManager : unable to find resource 'VM_global_library.vm' in any resource loader.
2017-11-23 15:31:08,077 - Velocimacro : error using  VM library template VM_global_library.vm : org.apache.velocity.exception.ResourceNotFoundException: Unable to find resource 'VM_global_library.vm'
2017-11-23 15:31:08,077 - Velocimacro :  VM library template macro registration complete.
2017-11-23 15:31:08,077 - Velocimacro : allowInline = true : VMs can be defined inline in templates
2017-11-23 15:31:08,077 - Velocimacro : allowInlineToOverride = false : VMs defined inline may NOT replace previous VM definitions
2017-11-23 15:31:08,077 - Velocimacro : allowInlineLocal = false : VMs defined inline will be  global in scope if allowed.
2017-11-23 15:31:08,077 - Velocimacro : messages on  : VM system will output logging messages
2017-11-23 15:31:08,077 - Velocimacro : autoload off  : VM system will not automatically reload global library macros
2017-11-23 15:31:08,077 - Velocimacro : initialization complete.
2017-11-23 15:31:08,077 - Velocity successfully started.
2017-11-23 15:44:05,590 - SimpleLog4JLogSystem initialized using logfile 'velocity.log'
2017-11-23 15:44:05,590 - ************************************************************** 
2017-11-23 15:44:05,590 - Starting Jakarta Velocity v1.4
2017-11-23 15:44:05,590 - RuntimeInstance initializing.
2017-11-23 15:44:05,590 - Default Properties File: org\apache\velocity\runtime\defaults\velocity.properties
2017-11-23 15:44:05,590 - Trying to use logger class org.apache.velocity.runtime.log.SimpleLog4JLogSystem
2017-11-23 15:44:05,590 - Using logger class org.apache.velocity.runtime.log.SimpleLog4JLogSystem
2017-11-23 15:44:05,593 - Default ResourceManager initializing. (class org.apache.velocity.runtime.resource.ResourceManagerImpl)
2017-11-23 15:44:05,595 - Resource Loader Instantiated: org.apache.velocity.runtime.resource.loader.ClasspathResourceLoader
2017-11-23 15:44:05,595 - ClasspathResourceLoader : initialization starting.
2017-11-23 15:44:05,595 - ClasspathResourceLoader : initialization complete.
2017-11-23 15:44:05,596 - ResourceCache : initialized. (class org.apache.velocity.runtime.resource.ResourceCacheImpl)
2017-11-23 15:44:05,596 - Default ResourceManager initialization complete.
2017-11-23 15:44:05,599 - Loaded System Directive: org.apache.velocity.runtime.directive.Literal
2017-11-23 15:44:05,600 - Loaded System Directive: org.apache.velocity.runtime.directive.Macro
2017-11-23 15:44:05,603 - Loaded System Directive: org.apache.velocity.runtime.directive.Parse
2017-11-23 15:44:05,604 - Loaded System Directive: org.apache.velocity.runtime.directive.Include
2017-11-23 15:44:05,605 - Loaded System Directive: org.apache.velocity.runtime.directive.Foreach
2017-11-23 15:44:05,626 - Created: 20 parsers.
2017-11-23 15:44:05,633 - Velocimacro : initialization starting.
2017-11-23 15:44:05,633 - Velocimacro : adding VMs from VM library template : VM_global_library.vm
2017-11-23 15:44:05,642 - ResourceManager : unable to find resource 'VM_global_library.vm' in any resource loader.
2017-11-23 15:44:05,642 - Velocimacro : error using  VM library template VM_global_library.vm : org.apache.velocity.exception.ResourceNotFoundException: Unable to find resource 'VM_global_library.vm'
2017-11-23 15:44:05,642 - Velocimacro :  VM library template macro registration complete.
2017-11-23 15:44:05,642 - Velocimacro : allowInline = true : VMs can be defined inline in templates
2017-11-23 15:44:05,642 - Velocimacro : allowInlineToOverride = false : VMs defined inline may NOT replace previous VM definitions
2017-11-23 15:44:05,642 - Velocimacro : allowInlineLocal = false : VMs defined inline will be  global in scope if allowed.
2017-11-23 15:44:05,642 - Velocimacro : messages on  : VM system will output logging messages
2017-11-23 15:44:05,642 - Velocimacro : autoload off  : VM system will not automatically reload global library macros
2017-11-23 15:44:05,642 - Velocimacro : initialization complete.
2017-11-23 15:44:05,642 - Velocity successfully started.
